2026-01-03 08:47:07.519 [background-preinit] INFO  o.h.validator.internal.util.Version - HV000001: Hibernate Validator 8.0.2.Final
2026-01-03 08:47:07.587 [restartedMain] INFO  a.p.o.o.ObraManagementServiceApplication - Starting ObraManagementServiceApplication using Java 21.0.5 with PID 7058 (/workspaces/jl-prumo-main/jl-obra-service/target/classes started by codespace in /workspaces/jl-prumo-main/jl-obra-service)
2026-01-03 08:47:07.589 [restartedMain] INFO  a.p.o.o.ObraManagementServiceApplication - The following 1 profile is active: "dev"
2026-01-03 08:47:07.649 [restartedMain] INFO  o.s.b.d.e.DevToolsPropertyDefaultsPostProcessor - Devtools property defaults active! Set 'spring.devtools.add-properties' to 'false' to disable
2026-01-03 08:47:07.649 [restartedMain] INFO  o.s.b.d.e.DevToolsPropertyDefaultsPostProcessor - For additional web related logging consider setting the 'logging.level.web' property to 'DEBUG'
2026-01-03 08:47:09.666 [restartedMain] INFO  o.s.d.r.c.RepositoryConfigurationDelegate - Multiple Spring Data modules found, entering strict repository configuration mode
2026-01-03 08:47:09.667 [restartedMain] INFO  o.s.d.r.c.RepositoryConfigurationDelegate - Bootstrapping Spring Data JDBC repositories in DEFAULT mode.
2026-01-03 08:47:09.705 [restartedMain] INFO  o.s.d.r.c.RepositoryConfigurationExtensionSupport - Spring Data JDBC - Could not safely identify store assignment for repository candidate interface ao.prumo.obra.obramanagementservice.entity.repository.AgenciaRepository; If you want this repository to be a JDBC repository, consider annotating your entities with one of these annotations: org.springframework.data.relational.core.mapping.Table.
2026-01-03 08:47:09.707 [restartedMain] INFO  o.s.d.r.c.RepositoryConfigurationExtensionSupport - Spring Data JDBC - Could not safely identify store assignment for repository candidate interface ao.prumo.obra.obramanagementservice.entity.repository.CargoRepository; If you want this repository to be a JDBC repository, consider annotating your entities with one of these annotations: org.springframework.data.relational.core.mapping.Table.
2026-01-03 08:47:09.708 [restartedMain] INFO  o.s.d.r.c.RepositoryConfigurationExtensionSupport - Spring Data JDBC - Could not safely identify store assignment for repository candidate interface ao.prumo.obra.obramanagementservice.entity.repository.ClienteRepository; If you want this repository to be a JDBC repository, consider annotating your entities with one of these annotations: org.springframework.data.relational.core.mapping.Table.
2026-01-03 08:47:09.708 [restartedMain] INFO  o.s.d.r.c.RepositoryConfigurationExtensionSupport - Spring Data JDBC - Could not safely identify store assignment for repository candidate interface ao.prumo.obra.obramanagementservice.entity.repository.ContaOrganizacaoRepository; If you want this repository to be a JDBC repository, consider annotating your entities with one of these annotations: org.springframework.data.relational.core.mapping.Table.
2026-01-03 08:47:09.709 [restartedMain] INFO  o.s.d.r.c.RepositoryConfigurationExtensionSupport - Spring Data JDBC - Could not safely identify store assignment for repository candidate interface ao.prumo.obra.obramanagementservice.entity.repository.DespesaRepository; If you want this repository to be a JDBC repository, consider annotating your entities with one of these annotations: org.springframework.data.relational.core.mapping.Table.
2026-01-03 08:47:09.710 [restartedMain] INFO  o.s.d.r.c.RepositoryConfigurationExtensionSupport - Spring Data JDBC - Could not safely identify store assignment for repository candidate interface ao.prumo.obra.obramanagementservice.entity.repository.DocumentoProjetoRepository; If you want this repository to be a JDBC repository, consider annotating your entities with one of these annotations: org.springframework.data.relational.core.mapping.Table.
2026-01-03 08:47:09.711 [restartedMain] INFO  o.s.d.r.c.RepositoryConfigurationExtensionSupport - Spring Data JDBC - Could not safely identify store assignment for repository candidate interface ao.prumo.obra.obramanagementservice.entity.repository.EnderecoRepository; If you want this repository to be a JDBC repository, consider annotating your entities with one of these annotations: org.springframework.data.relational.core.mapping.Table.
2026-01-03 08:47:09.712 [restartedMain] INFO  o.s.d.r.c.RepositoryConfigurationExtensionSupport - Spring Data JDBC - Could not safely identify store assignment for repository candidate interface ao.prumo.obra.obramanagementservice.entity.repository.EtapaLogisticaRepository; If you want this repository to be a JDBC repository, consider annotating your entities with one of these annotations: org.springframework.data.relational.core.mapping.Table.
2026-01-03 08:47:09.713 [restartedMain] INFO  o.s.d.r.c.RepositoryConfigurationExtensionSupport - Spring Data JDBC - Could not safely identify store assignment for repository candidate interface ao.prumo.obra.obramanagementservice.entity.repository.EtapaObraRepository; If you want this repository to be a JDBC repository, consider annotating your entities with one of these annotations: org.springframework.data.relational.core.mapping.Table.
2026-01-03 08:47:09.713 [restartedMain] INFO  o.s.d.r.c.RepositoryConfigurationExtensionSupport - Spring Data JDBC - Could not safely identify store assignment for repository candidate interface ao.prumo.obra.obramanagementservice.entity.repository.FuncionarioRepository; If you want this repository to be a JDBC repository, consider annotating your entities with one of these annotations: org.springframework.data.relational.core.mapping.Table.
2026-01-03 08:47:09.714 [restartedMain] INFO  o.s.d.r.c.RepositoryConfigurationExtensionSupport - Spring Data JDBC - Could not safely identify store assignment for repository candidate interface ao.prumo.obra.obramanagementservice.entity.repository.LogisticaPrecoRepository; If you want this repository to be a JDBC repository, consider annotating your entities with one of these annotations: org.springframework.data.relational.core.mapping.Table.
2026-01-03 08:47:09.717 [restartedMain] INFO  o.s.d.r.c.RepositoryConfigurationExtensionSupport - Spring Data JDBC - Could not safely identify store assignment for repository candidate interface ao.prumo.obra.obramanagementservice.entity.repository.LogisticaRepository; If you want this repository to be a JDBC repository, consider annotating your entities with one of these annotations: org.springframework.data.relational.core.mapping.Table.
2026-01-03 08:47:09.718 [restartedMain] INFO  o.s.d.r.c.RepositoryConfigurationExtensionSupport - Spring Data JDBC - Could not safely identify store assignment for repository candidate interface ao.prumo.obra.obramanagementservice.entity.repository.ObraRepository; If you want this repository to be a JDBC repository, consider annotating your entities with one of these annotations: org.springframework.data.relational.core.mapping.Table.
2026-01-03 08:47:09.719 [restartedMain] INFO  o.s.d.r.c.RepositoryConfigurationExtensionSupport - Spring Data JDBC - Could not safely identify store assignment for repository candidate interface ao.prumo.obra.obramanagementservice.entity.repository.OrganizacaoRepository; If you want this repository to be a JDBC repository, consider annotating your entities with one of these annotations: org.springframework.data.relational.core.mapping.Table.
2026-01-03 08:47:09.720 [restartedMain] INFO  o.s.d.r.c.RepositoryConfigurationExtensionSupport - Spring Data JDBC - Could not safely identify store assignment for repository candidate interface ao.prumo.obra.obramanagementservice.entity.repository.PagamentoProjectoRepository; If you want this repository to be a JDBC repository, consider annotating your entities with one of these annotations: org.springframework.data.relational.core.mapping.Table.
2026-01-03 08:47:09.721 [restartedMain] INFO  o.s.d.r.c.RepositoryConfigurationExtensionSupport - Spring Data JDBC - Could not safely identify store assignment for repository candidate interface ao.prumo.obra.obramanagementservice.entity.repository.PessoaRepository; If you want this repository to be a JDBC repository, consider annotating your entities with one of these annotations: org.springframework.data.relational.core.mapping.Table.
2026-01-03 08:47:09.722 [restartedMain] INFO  o.s.d.r.c.RepositoryConfigurationExtensionSupport - Spring Data JDBC - Could not safely identify store assignment for repository candidate interface ao.prumo.obra.obramanagementservice.entity.repository.ProjetoArquitetonicoRepository; If you want this repository to be a JDBC repository, consider annotating your entities with one of these annotations: org.springframework.data.relational.core.mapping.Table.
2026-01-03 08:47:09.723 [restartedMain] INFO  o.s.d.r.c.RepositoryConfigurationExtensionSupport - Spring Data JDBC - Could not safely identify store assignment for repository candidate interface ao.prumo.obra.obramanagementservice.entity.repository.VersaoProjetoRepository; If you want this repository to be a JDBC repository, consider annotating your entities with one of these annotations: org.springframework.data.relational.core.mapping.Table.
2026-01-03 08:47:09.724 [restartedMain] INFO  o.s.d.r.c.RepositoryConfigurationDelegate - Finished Spring Data repository scanning in 51 ms. Found 0 JDBC repository interfaces.
2026-01-03 08:47:09.740 [restartedMain] INFO  o.s.d.r.c.RepositoryConfigurationDelegate - Multiple Spring Data modules found, entering strict repository configuration mode
2026-01-03 08:47:09.741 [restartedMain] INFO  o.s.d.r.c.RepositoryConfigurationDelegate - Bootstrapping Spring Data JPA repositories in DEFAULT mode.
2026-01-03 08:47:09.794 [restartedMain] INFO  o.s.d.r.c.RepositoryConfigurationDelegate - Finished Spring Data repository scanning in 48 ms. Found 18 JPA repository interfaces.
2026-01-03 08:47:10.520 [restartedMain] INFO  o.s.b.w.e.tomcat.TomcatWebServer - Tomcat initialized with port 9093 (http)
2026-01-03 08:47:10.532 [restartedMain] INFO  o.a.coyote.http11.Http11NioProtocol - Initializing ProtocolHandler ["http-nio-9093"]
2026-01-03 08:47:10.534 [restartedMain] INFO  o.a.catalina.core.StandardService - Starting service [Tomcat]
2026-01-03 08:47:10.534 [restartedMain] INFO  o.a.catalina.core.StandardEngine - Starting Servlet engine: [Apache Tomcat/10.1.42]
2026-01-03 08:47:10.565 [restartedMain] INFO  o.a.c.c.C.[Tomcat].[localhost].[/] - Initializing Spring embedded WebApplicationContext
2026-01-03 08:47:10.566 [restartedMain] INFO  o.s.b.w.s.c.ServletWebServerApplicationContext - Root WebApplicationContext: initialization completed in 2915 ms
2026-01-03 08:47:10.981 [restartedMain] INFO  o.h.jpa.internal.util.LogHelper - HHH000204: Processing PersistenceUnitInfo [name: default]
2026-01-03 08:47:11.044 [restartedMain] INFO  org.hibernate.Version - HHH000412: Hibernate ORM core version 6.6.18.Final
2026-01-03 08:47:11.094 [restartedMain] INFO  o.h.c.i.RegionFactoryInitiator - HHH000026: Second-level cache disabled
2026-01-03 08:47:11.647 [restartedMain] INFO  o.s.o.j.p.SpringPersistenceUnitInfo - No LoadTimeWeaver setup: ignoring JPA class transformer
2026-01-03 08:47:11.671 [restartedMain] INFO  com.zaxxer.hikari.HikariDataSource - HikariPool-1 - Starting...
2026-01-03 08:47:12.028 [restartedMain] INFO  com.zaxxer.hikari.pool.HikariPool - HikariPool-1 - Added connection org.postgresql.jdbc.PgConnection@d64f2ee
2026-01-03 08:47:12.029 [restartedMain] INFO  com.zaxxer.hikari.HikariDataSource - HikariPool-1 - Start completed.
2026-01-03 08:47:12.147 [restartedMain] WARN  org.hibernate.orm.deprecation - HHH90000025: PostgreSQLDialect does not need to be specified explicitly using 'hibernate.dialect' (remove the property setting and it will be selected by default)
2026-01-03 08:47:12.169 [restartedMain] INFO  o.hibernate.orm.connections.pooling - HHH10001005: Database info:
	Database JDBC URL [Connecting through datasource 'HikariDataSource (HikariPool-1)']
	Database driver: undefined/unknown
	Database version: 16.3
	Autocommit mode: undefined/unknown
	Isolation level: undefined/unknown
	Minimum pool size: undefined/unknown
	Maximum pool size: undefined/unknown
2026-01-03 08:47:13.372 [restartedMain] INFO  o.h.e.t.j.p.i.JtaPlatformInitiator - HHH000489: No JTA platform available (set 'hibernate.transaction.jta.platform' to enable JTA platform integration)
2026-01-03 08:47:14.962 [restartedMain] INFO  o.s.o.j.LocalContainerEntityManagerFactoryBean - Initialized JPA EntityManagerFactory for persistence unit 'default'
2026-01-03 08:47:15.687 [restartedMain] WARN  o.s.b.a.o.j.JpaBaseConfiguration$JpaWebConfiguration - spring.jpa.open-in-view is enabled by default. Therefore, database queries may be performed during view rendering. Explicitly configure spring.jpa.open-in-view to disable this warning
2026-01-03 08:47:16.383 [restartedMain] INFO  o.s.w.s.a.s.AnnotationActionEndpointMapping - Supporting [WS-Addressing August 2004, WS-Addressing 1.0]
2026-01-03 08:47:16.435 [restartedMain] INFO  o.s.b.d.a.OptionalLiveReloadServer - LiveReload server is running on port 35729
2026-01-03 08:47:16.452 [restartedMain] INFO  o.s.b.a.e.web.EndpointLinksResolver - Exposing 1 endpoint beneath base path '/actuator'
2026-01-03 08:47:16.537 [restartedMain] INFO  o.s.b.w.e.tomcat.TomcatWebServer - Tomcat started on port 9093 (http) with context path '/'
2026-01-03 08:47:16.551 [restartedMain] INFO  a.p.o.o.ObraManagementServiceApplication - Started ObraManagementServiceApplication in 10.21 seconds (process running for 10.832)
2026-01-03 08:47:16.555 [SpringApplicationShutdownHook] INFO  o.s.b.w.e.tomcat.GracefulShutdown - Commencing graceful shutdown. Waiting for active requests to complete
2026-01-03 08:47:16.560 [tomcat-shutdown] INFO  o.s.b.w.e.tomcat.GracefulShutdown - Graceful shutdown complete
2026-01-03 08:47:16.572 [SpringApplicationShutdownHook] INFO  o.s.o.j.LocalContainerEntityManagerFactoryBean - Closing JPA EntityManagerFactory for persistence unit 'default'
2026-01-03 08:47:16.581 [SpringApplicationShutdownHook] INFO  com.zaxxer.hikari.HikariDataSource - HikariPool-1 - Shutdown initiated...
2026-01-03 08:47:16.587 [SpringApplicationShutdownHook] INFO  com.zaxxer.hikari.HikariDataSource - HikariPool-1 - Shutdown completed.
2026-01-03 09:20:44.778 [background-preinit] INFO  o.h.validator.internal.util.Version - HV000001: Hibernate Validator 8.0.2.Final
2026-01-03 09:20:44.847 [restartedMain] INFO  a.p.o.o.ObraManagementServiceApplication - Starting ObraManagementServiceApplication using Java 21.0.5 with PID 24054 (/workspaces/jl-prumo-main/jl-obra-service/target/classes started by codespace in /workspaces/jl-prumo-main/jl-obra-service)
2026-01-03 09:20:44.848 [restartedMain] INFO  a.p.o.o.ObraManagementServiceApplication - The following 1 profile is active: "dev"
2026-01-03 09:20:44.910 [restartedMain] INFO  o.s.b.d.e.DevToolsPropertyDefaultsPostProcessor - Devtools property defaults active! Set 'spring.devtools.add-properties' to 'false' to disable
2026-01-03 09:20:44.911 [restartedMain] INFO  o.s.b.d.e.DevToolsPropertyDefaultsPostProcessor - For additional web related logging consider setting the 'logging.level.web' property to 'DEBUG'
2026-01-03 09:20:45.996 [restartedMain] INFO  o.s.d.r.c.RepositoryConfigurationDelegate - Multiple Spring Data modules found, entering strict repository configuration mode
2026-01-03 09:20:45.997 [restartedMain] INFO  o.s.d.r.c.RepositoryConfigurationDelegate - Bootstrapping Spring Data JDBC repositories in DEFAULT mode.
2026-01-03 09:20:46.031 [restartedMain] INFO  o.s.d.r.c.RepositoryConfigurationExtensionSupport - Spring Data JDBC - Could not safely identify store assignment for repository candidate interface ao.prumo.obra.obramanagementservice.entity.repository.AgenciaRepository; If you want this repository to be a JDBC repository, consider annotating your entities with one of these annotations: org.springframework.data.relational.core.mapping.Table.
2026-01-03 09:20:46.032 [restartedMain] INFO  o.s.d.r.c.RepositoryConfigurationExtensionSupport - Spring Data JDBC - Could not safely identify store assignment for repository candidate interface ao.prumo.obra.obramanagementservice.entity.repository.CargoRepository; If you want this repository to be a JDBC repository, consider annotating your entities with one of these annotations: org.springframework.data.relational.core.mapping.Table.
2026-01-03 09:20:46.033 [restartedMain] INFO  o.s.d.r.c.RepositoryConfigurationExtensionSupport - Spring Data JDBC - Could not safely identify store assignment for repository candidate interface ao.prumo.obra.obramanagementservice.entity.repository.ClienteRepository; If you want this repository to be a JDBC repository, consider annotating your entities with one of these annotations: org.springframework.data.relational.core.mapping.Table.
2026-01-03 09:20:46.034 [restartedMain] INFO  o.s.d.r.c.RepositoryConfigurationExtensionSupport - Spring Data JDBC - Could not safely identify store assignment for repository candidate interface ao.prumo.obra.obramanagementservice.entity.repository.ContaOrganizacaoRepository; If you want this repository to be a JDBC repository, consider annotating your entities with one of these annotations: org.springframework.data.relational.core.mapping.Table.
2026-01-03 09:20:46.034 [restartedMain] INFO  o.s.d.r.c.RepositoryConfigurationExtensionSupport - Spring Data JDBC - Could not safely identify store assignment for repository candidate interface ao.prumo.obra.obramanagementservice.entity.repository.DespesaRepository; If you want this repository to be a JDBC repository, consider annotating your entities with one of these annotations: org.springframework.data.relational.core.mapping.Table.
2026-01-03 09:20:46.035 [restartedMain] INFO  o.s.d.r.c.RepositoryConfigurationExtensionSupport - Spring Data JDBC - Could not safely identify store assignment for repository candidate interface ao.prumo.obra.obramanagementservice.entity.repository.DocumentoProjetoRepository; If you want this repository to be a JDBC repository, consider annotating your entities with one of these annotations: org.springframework.data.relational.core.mapping.Table.
2026-01-03 09:20:46.036 [restartedMain] INFO  o.s.d.r.c.RepositoryConfigurationExtensionSupport - Spring Data JDBC - Could not safely identify store assignment for repository candidate interface ao.prumo.obra.obramanagementservice.entity.repository.EnderecoRepository; If you want this repository to be a JDBC repository, consider annotating your entities with one of these annotations: org.springframework.data.relational.core.mapping.Table.
2026-01-03 09:20:46.037 [restartedMain] INFO  o.s.d.r.c.RepositoryConfigurationExtensionSupport - Spring Data JDBC - Could not safely identify store assignment for repository candidate interface ao.prumo.obra.obramanagementservice.entity.repository.EtapaLogisticaRepository; If you want this repository to be a JDBC repository, consider annotating your entities with one of these annotations: org.springframework.data.relational.core.mapping.Table.
2026-01-03 09:20:46.038 [restartedMain] INFO  o.s.d.r.c.RepositoryConfigurationExtensionSupport - Spring Data JDBC - Could not safely identify store assignment for repository candidate interface ao.prumo.obra.obramanagementservice.entity.repository.EtapaObraRepository; If you want this repository to be a JDBC repository, consider annotating your entities with one of these annotations: org.springframework.data.relational.core.mapping.Table.
2026-01-03 09:20:46.038 [restartedMain] INFO  o.s.d.r.c.RepositoryConfigurationExtensionSupport - Spring Data JDBC - Could not safely identify store assignment for repository candidate interface ao.prumo.obra.obramanagementservice.entity.repository.FuncionarioRepository; If you want this repository to be a JDBC repository, consider annotating your entities with one of these annotations: org.springframework.data.relational.core.mapping.Table.
2026-01-03 09:20:46.039 [restartedMain] INFO  o.s.d.r.c.RepositoryConfigurationExtensionSupport - Spring Data JDBC - Could not safely identify store assignment for repository candidate interface ao.prumo.obra.obramanagementservice.entity.repository.LogisticaPrecoRepository; If you want this repository to be a JDBC repository, consider annotating your entities with one of these annotations: org.springframework.data.relational.core.mapping.Table.
2026-01-03 09:20:46.040 [restartedMain] INFO  o.s.d.r.c.RepositoryConfigurationExtensionSupport - Spring Data JDBC - Could not safely identify store assignment for repository candidate interface ao.prumo.obra.obramanagementservice.entity.repository.LogisticaRepository; If you want this repository to be a JDBC repository, consider annotating your entities with one of these annotations: org.springframework.data.relational.core.mapping.Table.
2026-01-03 09:20:46.041 [restartedMain] INFO  o.s.d.r.c.RepositoryConfigurationExtensionSupport - Spring Data JDBC - Could not safely identify store assignment for repository candidate interface ao.prumo.obra.obramanagementservice.entity.repository.ObraRepository; If you want this repository to be a JDBC repository, consider annotating your entities with one of these annotations: org.springframework.data.relational.core.mapping.Table.
2026-01-03 09:20:46.042 [restartedMain] INFO  o.s.d.r.c.RepositoryConfigurationExtensionSupport - Spring Data JDBC - Could not safely identify store assignment for repository candidate interface ao.prumo.obra.obramanagementservice.entity.repository.OrganizacaoRepository; If you want this repository to be a JDBC repository, consider annotating your entities with one of these annotations: org.springframework.data.relational.core.mapping.Table.
2026-01-03 09:20:46.043 [restartedMain] INFO  o.s.d.r.c.RepositoryConfigurationExtensionSupport - Spring Data JDBC - Could not safely identify store assignment for repository candidate interface ao.prumo.obra.obramanagementservice.entity.repository.PagamentoProjectoRepository; If you want this repository to be a JDBC repository, consider annotating your entities with one of these annotations: org.springframework.data.relational.core.mapping.Table.
2026-01-03 09:20:46.044 [restartedMain] INFO  o.s.d.r.c.RepositoryConfigurationExtensionSupport - Spring Data JDBC - Could not safely identify store assignment for repository candidate interface ao.prumo.obra.obramanagementservice.entity.repository.PessoaRepository; If you want this repository to be a JDBC repository, consider annotating your entities with one of these annotations: org.springframework.data.relational.core.mapping.Table.
2026-01-03 09:20:46.046 [restartedMain] INFO  o.s.d.r.c.RepositoryConfigurationExtensionSupport - Spring Data JDBC - Could not safely identify store assignment for repository candidate interface ao.prumo.obra.obramanagementservice.entity.repository.ProjetoArquitetonicoRepository; If you want this repository to be a JDBC repository, consider annotating your entities with one of these annotations: org.springframework.data.relational.core.mapping.Table.
2026-01-03 09:20:46.047 [restartedMain] INFO  o.s.d.r.c.RepositoryConfigurationExtensionSupport - Spring Data JDBC - Could not safely identify store assignment for repository candidate interface ao.prumo.obra.obramanagementservice.entity.repository.VersaoProjetoRepository; If you want this repository to be a JDBC repository, consider annotating your entities with one of these annotations: org.springframework.data.relational.core.mapping.Table.
2026-01-03 09:20:46.047 [restartedMain] INFO  o.s.d.r.c.RepositoryConfigurationDelegate - Finished Spring Data repository scanning in 45 ms. Found 0 JDBC repository interfaces.
2026-01-03 09:20:46.058 [restartedMain] INFO  o.s.d.r.c.RepositoryConfigurationDelegate - Multiple Spring Data modules found, entering strict repository configuration mode
2026-01-03 09:20:46.058 [restartedMain] INFO  o.s.d.r.c.RepositoryConfigurationDelegate - Bootstrapping Spring Data JPA repositories in DEFAULT mode.
2026-01-03 09:20:46.109 [restartedMain] INFO  o.s.d.r.c.RepositoryConfigurationDelegate - Finished Spring Data repository scanning in 47 ms. Found 18 JPA repository interfaces.
2026-01-03 09:20:46.758 [restartedMain] INFO  o.s.b.w.e.tomcat.TomcatWebServer - Tomcat initialized with port 9093 (http)
2026-01-03 09:20:46.770 [restartedMain] INFO  o.a.coyote.http11.Http11NioProtocol - Initializing ProtocolHandler ["http-nio-9093"]
2026-01-03 09:20:46.772 [restartedMain] INFO  o.a.catalina.core.StandardService - Starting service [Tomcat]
2026-01-03 09:20:46.772 [restartedMain] INFO  o.a.catalina.core.StandardEngine - Starting Servlet engine: [Apache Tomcat/10.1.42]
2026-01-03 09:20:46.802 [restartedMain] INFO  o.a.c.c.C.[Tomcat].[localhost].[/] - Initializing Spring embedded WebApplicationContext
2026-01-03 09:20:46.803 [restartedMain] INFO  o.s.b.w.s.c.ServletWebServerApplicationContext - Root WebApplicationContext: initialization completed in 1892 ms
2026-01-03 09:20:47.022 [restartedMain] INFO  o.h.jpa.internal.util.LogHelper - HHH000204: Processing PersistenceUnitInfo [name: default]
2026-01-03 09:20:47.050 [restartedMain] INFO  org.hibernate.Version - HHH000412: Hibernate ORM core version 6.6.18.Final
2026-01-03 09:20:47.069 [restartedMain] INFO  o.h.c.i.RegionFactoryInitiator - HHH000026: Second-level cache disabled
2026-01-03 09:20:47.259 [restartedMain] INFO  o.s.o.j.p.SpringPersistenceUnitInfo - No LoadTimeWeaver setup: ignoring JPA class transformer
2026-01-03 09:20:47.277 [restartedMain] INFO  com.zaxxer.hikari.HikariDataSource - HikariPool-1 - Starting...
2026-01-03 09:20:47.389 [restartedMain] INFO  com.zaxxer.hikari.pool.HikariPool - HikariPool-1 - Added connection org.postgresql.jdbc.PgConnection@5dfaeb5f
2026-01-03 09:20:47.390 [restartedMain] INFO  com.zaxxer.hikari.HikariDataSource - HikariPool-1 - Start completed.
2026-01-03 09:20:47.411 [restartedMain] WARN  org.hibernate.orm.deprecation - HHH90000025: PostgreSQLDialect does not need to be specified explicitly using 'hibernate.dialect' (remove the property setting and it will be selected by default)
2026-01-03 09:20:47.424 [restartedMain] INFO  o.hibernate.orm.connections.pooling - HHH10001005: Database info:
	Database JDBC URL [Connecting through datasource 'HikariDataSource (HikariPool-1)']
	Database driver: undefined/unknown
	Database version: 16.3
	Autocommit mode: undefined/unknown
	Isolation level: undefined/unknown
	Minimum pool size: undefined/unknown
	Maximum pool size: undefined/unknown
2026-01-03 09:20:48.461 [restartedMain] INFO  o.h.e.t.j.p.i.JtaPlatformInitiator - HHH000489: No JTA platform available (set 'hibernate.transaction.jta.platform' to enable JTA platform integration)
2026-01-03 09:20:49.626 [restartedMain] INFO  o.s.o.j.LocalContainerEntityManagerFactoryBean - Initialized JPA EntityManagerFactory for persistence unit 'default'
2026-01-03 09:20:50.297 [restartedMain] WARN  o.s.b.a.o.j.JpaBaseConfiguration$JpaWebConfiguration - spring.jpa.open-in-view is enabled by default. Therefore, database queries may be performed during view rendering. Explicitly configure spring.jpa.open-in-view to disable this warning
2026-01-03 09:20:50.821 [restartedMain] INFO  o.s.w.s.a.s.AnnotationActionEndpointMapping - Supporting [WS-Addressing August 2004, WS-Addressing 1.0]
2026-01-03 09:20:50.895 [restartedMain] INFO  o.s.b.d.a.OptionalLiveReloadServer - LiveReload server is running on port 35729
2026-01-03 09:20:50.916 [restartedMain] INFO  o.s.b.a.e.web.EndpointLinksResolver - Exposing 1 endpoint beneath base path '/actuator'
2026-01-03 09:20:51.056 [restartedMain] INFO  o.a.coyote.http11.Http11NioProtocol - Starting ProtocolHandler ["http-nio-9093"]
2026-01-03 09:20:51.072 [restartedMain] INFO  o.s.b.w.e.tomcat.TomcatWebServer - Tomcat started on port 9093 (http) with context path '/'
2026-01-03 09:20:51.087 [restartedMain] INFO  a.p.o.o.ObraManagementServiceApplication - Started ObraManagementServiceApplication in 6.727 seconds (process running for 7.198)
2026-01-03 09:21:50.980 [SpringApplicationShutdownHook] INFO  o.s.b.w.e.tomcat.GracefulShutdown - Commencing graceful shutdown. Waiting for active requests to complete
2026-01-03 09:21:50.983 [tomcat-shutdown] INFO  o.s.b.w.e.tomcat.GracefulShutdown - Graceful shutdown complete
2026-01-03 09:21:50.990 [SpringApplicationShutdownHook] INFO  o.s.o.j.LocalContainerEntityManagerFactoryBean - Closing JPA EntityManagerFactory for persistence unit 'default'
2026-01-03 09:21:50.993 [SpringApplicationShutdownHook] INFO  com.zaxxer.hikari.HikariDataSource - HikariPool-1 - Shutdown initiated...
2026-01-03 09:21:50.995 [SpringApplicationShutdownHook] INFO  com.zaxxer.hikari.HikariDataSource - HikariPool-1 - Shutdown completed.
2026-01-03 09:22:06.213 [background-preinit] INFO  o.h.validator.internal.util.Version - HV000001: Hibernate Validator 8.0.2.Final
2026-01-03 09:22:06.256 [restartedMain] INFO  a.p.o.o.ObraManagementServiceApplication - Starting ObraManagementServiceApplication using Java 21.0.5 with PID 24967 (/workspaces/jl-prumo-main/jl-obra-service/target/classes started by codespace in /workspaces/jl-prumo-main/jl-obra-service)
2026-01-03 09:22:06.258 [restartedMain] INFO  a.p.o.o.ObraManagementServiceApplication - The following 1 profile is active: "dev"
2026-01-03 09:22:06.309 [restartedMain] INFO  o.s.b.d.e.DevToolsPropertyDefaultsPostProcessor - Devtools property defaults active! Set 'spring.devtools.add-properties' to 'false' to disable
2026-01-03 09:22:06.309 [restartedMain] INFO  o.s.b.d.e.DevToolsPropertyDefaultsPostProcessor - For additional web related logging consider setting the 'logging.level.web' property to 'DEBUG'
2026-01-03 09:22:07.331 [restartedMain] INFO  o.s.d.r.c.RepositoryConfigurationDelegate - Multiple Spring Data modules found, entering strict repository configuration mode
2026-01-03 09:22:07.332 [restartedMain] INFO  o.s.d.r.c.RepositoryConfigurationDelegate - Bootstrapping Spring Data JDBC repositories in DEFAULT mode.
2026-01-03 09:22:07.363 [restartedMain] INFO  o.s.d.r.c.RepositoryConfigurationExtensionSupport - Spring Data JDBC - Could not safely identify store assignment for repository candidate interface ao.prumo.obra.obramanagementservice.entity.repository.AgenciaRepository; If you want this repository to be a JDBC repository, consider annotating your entities with one of these annotations: org.springframework.data.relational.core.mapping.Table.
2026-01-03 09:22:07.364 [restartedMain] INFO  o.s.d.r.c.RepositoryConfigurationExtensionSupport - Spring Data JDBC - Could not safely identify store assignment for repository candidate interface ao.prumo.obra.obramanagementservice.entity.repository.CargoRepository; If you want this repository to be a JDBC repository, consider annotating your entities with one of these annotations: org.springframework.data.relational.core.mapping.Table.
2026-01-03 09:22:07.365 [restartedMain] INFO  o.s.d.r.c.RepositoryConfigurationExtensionSupport - Spring Data JDBC - Could not safely identify store assignment for repository candidate interface ao.prumo.obra.obramanagementservice.entity.repository.ClienteRepository; If you want this repository to be a JDBC repository, consider annotating your entities with one of these annotations: org.springframework.data.relational.core.mapping.Table.
2026-01-03 09:22:07.366 [restartedMain] INFO  o.s.d.r.c.RepositoryConfigurationExtensionSupport - Spring Data JDBC - Could not safely identify store assignment for repository candidate interface ao.prumo.obra.obramanagementservice.entity.repository.ContaOrganizacaoRepository; If you want this repository to be a JDBC repository, consider annotating your entities with one of these annotations: org.springframework.data.relational.core.mapping.Table.
2026-01-03 09:22:07.366 [restartedMain] INFO  o.s.d.r.c.RepositoryConfigurationExtensionSupport - Spring Data JDBC - Could not safely identify store assignment for repository candidate interface ao.prumo.obra.obramanagementservice.entity.repository.DespesaRepository; If you want this repository to be a JDBC repository, consider annotating your entities with one of these annotations: org.springframework.data.relational.core.mapping.Table.
2026-01-03 09:22:07.367 [restartedMain] INFO  o.s.d.r.c.RepositoryConfigurationExtensionSupport - Spring Data JDBC - Could not safely identify store assignment for repository candidate interface ao.prumo.obra.obramanagementservice.entity.repository.DocumentoProjetoRepository; If you want this repository to be a JDBC repository, consider annotating your entities with one of these annotations: org.springframework.data.relational.core.mapping.Table.
2026-01-03 09:22:07.368 [restartedMain] INFO  o.s.d.r.c.RepositoryConfigurationExtensionSupport - Spring Data JDBC - Could not safely identify store assignment for repository candidate interface ao.prumo.obra.obramanagementservice.entity.repository.EnderecoRepository; If you want this repository to be a JDBC repository, consider annotating your entities with one of these annotations: org.springframework.data.relational.core.mapping.Table.
2026-01-03 09:22:07.369 [restartedMain] INFO  o.s.d.r.c.RepositoryConfigurationExtensionSupport - Spring Data JDBC - Could not safely identify store assignment for repository candidate interface ao.prumo.obra.obramanagementservice.entity.repository.EtapaLogisticaRepository; If you want this repository to be a JDBC repository, consider annotating your entities with one of these annotations: org.springframework.data.relational.core.mapping.Table.
2026-01-03 09:22:07.370 [restartedMain] INFO  o.s.d.r.c.RepositoryConfigurationExtensionSupport - Spring Data JDBC - Could not safely identify store assignment for repository candidate interface ao.prumo.obra.obramanagementservice.entity.repository.EtapaObraRepository; If you want this repository to be a JDBC repository, consider annotating your entities with one of these annotations: org.springframework.data.relational.core.mapping.Table.
2026-01-03 09:22:07.371 [restartedMain] INFO  o.s.d.r.c.RepositoryConfigurationExtensionSupport - Spring Data JDBC - Could not safely identify store assignment for repository candidate interface ao.prumo.obra.obramanagementservice.entity.repository.FuncionarioRepository; If you want this repository to be a JDBC repository, consider annotating your entities with one of these annotations: org.springframework.data.relational.core.mapping.Table.
2026-01-03 09:22:07.373 [restartedMain] INFO  o.s.d.r.c.RepositoryConfigurationExtensionSupport - Spring Data JDBC - Could not safely identify store assignment for repository candidate interface ao.prumo.obra.obramanagementservice.entity.repository.LogisticaPrecoRepository; If you want this repository to be a JDBC repository, consider annotating your entities with one of these annotations: org.springframework.data.relational.core.mapping.Table.
2026-01-03 09:22:07.374 [restartedMain] INFO  o.s.d.r.c.RepositoryConfigurationExtensionSupport - Spring Data JDBC - Could not safely identify store assignment for repository candidate interface ao.prumo.obra.obramanagementservice.entity.repository.LogisticaRepository; If you want this repository to be a JDBC repository, consider annotating your entities with one of these annotations: org.springframework.data.relational.core.mapping.Table.
2026-01-03 09:22:07.375 [restartedMain] INFO  o.s.d.r.c.RepositoryConfigurationExtensionSupport - Spring Data JDBC - Could not safely identify store assignment for repository candidate interface ao.prumo.obra.obramanagementservice.entity.repository.ObraRepository; If you want this repository to be a JDBC repository, consider annotating your entities with one of these annotations: org.springframework.data.relational.core.mapping.Table.
2026-01-03 09:22:07.376 [restartedMain] INFO  o.s.d.r.c.RepositoryConfigurationExtensionSupport - Spring Data JDBC - Could not safely identify store assignment for repository candidate interface ao.prumo.obra.obramanagementservice.entity.repository.OrganizacaoRepository; If you want this repository to be a JDBC repository, consider annotating your entities with one of these annotations: org.springframework.data.relational.core.mapping.Table.
2026-01-03 09:22:07.376 [restartedMain] INFO  o.s.d.r.c.RepositoryConfigurationExtensionSupport - Spring Data JDBC - Could not safely identify store assignment for repository candidate interface ao.prumo.obra.obramanagementservice.entity.repository.PagamentoProjectoRepository; If you want this repository to be a JDBC repository, consider annotating your entities with one of these annotations: org.springframework.data.relational.core.mapping.Table.
2026-01-03 09:22:07.377 [restartedMain] INFO  o.s.d.r.c.RepositoryConfigurationExtensionSupport - Spring Data JDBC - Could not safely identify store assignment for repository candidate interface ao.prumo.obra.obramanagementservice.entity.repository.PessoaRepository; If you want this repository to be a JDBC repository, consider annotating your entities with one of these annotations: org.springframework.data.relational.core.mapping.Table.
2026-01-03 09:22:07.378 [restartedMain] INFO  o.s.d.r.c.RepositoryConfigurationExtensionSupport - Spring Data JDBC - Could not safely identify store assignment for repository candidate interface ao.prumo.obra.obramanagementservice.entity.repository.ProjetoArquitetonicoRepository; If you want this repository to be a JDBC repository, consider annotating your entities with one of these annotations: org.springframework.data.relational.core.mapping.Table.
2026-01-03 09:22:07.380 [restartedMain] INFO  o.s.d.r.c.RepositoryConfigurationExtensionSupport - Spring Data JDBC - Could not safely identify store assignment for repository candidate interface ao.prumo.obra.obramanagementservice.entity.repository.VersaoProjetoRepository; If you want this repository to be a JDBC repository, consider annotating your entities with one of these annotations: org.springframework.data.relational.core.mapping.Table.
2026-01-03 09:22:07.380 [restartedMain] INFO  o.s.d.r.c.RepositoryConfigurationDelegate - Finished Spring Data repository scanning in 43 ms. Found 0 JDBC repository interfaces.
2026-01-03 09:22:07.388 [restartedMain] INFO  o.s.d.r.c.RepositoryConfigurationDelegate - Multiple Spring Data modules found, entering strict repository configuration mode
2026-01-03 09:22:07.388 [restartedMain] INFO  o.s.d.r.c.RepositoryConfigurationDelegate - Bootstrapping Spring Data JPA repositories in DEFAULT mode.
2026-01-03 09:22:07.434 [restartedMain] INFO  o.s.d.r.c.RepositoryConfigurationDelegate - Finished Spring Data repository scanning in 44 ms. Found 18 JPA repository interfaces.
2026-01-03 09:22:07.960 [restartedMain] INFO  o.s.b.w.e.tomcat.TomcatWebServer - Tomcat initialized with port 9093 (http)
2026-01-03 09:22:07.976 [restartedMain] INFO  o.a.coyote.http11.Http11NioProtocol - Initializing ProtocolHandler ["http-nio-9093"]
2026-01-03 09:22:07.978 [restartedMain] INFO  o.a.catalina.core.StandardService - Starting service [Tomcat]
2026-01-03 09:22:07.979 [restartedMain] INFO  o.a.catalina.core.StandardEngine - Starting Servlet engine: [Apache Tomcat/10.1.42]
2026-01-03 09:22:08.012 [restartedMain] INFO  o.a.c.c.C.[Tomcat].[localhost].[/] - Initializing Spring embedded WebApplicationContext
2026-01-03 09:22:08.013 [restartedMain] INFO  o.s.b.w.s.c.ServletWebServerApplicationContext - Root WebApplicationContext: initialization completed in 1703 ms
2026-01-03 09:22:08.230 [restartedMain] INFO  o.h.jpa.internal.util.LogHelper - HHH000204: Processing PersistenceUnitInfo [name: default]
2026-01-03 09:22:08.266 [restartedMain] INFO  org.hibernate.Version - HHH000412: Hibernate ORM core version 6.6.18.Final
2026-01-03 09:22:08.289 [restartedMain] INFO  o.h.c.i.RegionFactoryInitiator - HHH000026: Second-level cache disabled
2026-01-03 09:22:08.466 [restartedMain] INFO  o.s.o.j.p.SpringPersistenceUnitInfo - No LoadTimeWeaver setup: ignoring JPA class transformer
2026-01-03 09:22:08.485 [restartedMain] INFO  com.zaxxer.hikari.HikariDataSource - HikariPool-1 - Starting...
2026-01-03 09:22:08.614 [restartedMain] INFO  com.zaxxer.hikari.pool.HikariPool - HikariPool-1 - Added connection org.postgresql.jdbc.PgConnection@24949b2
2026-01-03 09:22:08.615 [restartedMain] INFO  com.zaxxer.hikari.HikariDataSource - HikariPool-1 - Start completed.
2026-01-03 09:22:08.634 [restartedMain] WARN  org.hibernate.orm.deprecation - HHH90000025: PostgreSQLDialect does not need to be specified explicitly using 'hibernate.dialect' (remove the property setting and it will be selected by default)
2026-01-03 09:22:08.647 [restartedMain] INFO  o.hibernate.orm.connections.pooling - HHH10001005: Database info:
	Database JDBC URL [Connecting through datasource 'HikariDataSource (HikariPool-1)']
	Database driver: undefined/unknown
	Database version: 16.3
	Autocommit mode: undefined/unknown
	Isolation level: undefined/unknown
	Minimum pool size: undefined/unknown
	Maximum pool size: undefined/unknown
2026-01-03 09:22:09.627 [restartedMain] INFO  o.h.e.t.j.p.i.JtaPlatformInitiator - HHH000489: No JTA platform available (set 'hibernate.transaction.jta.platform' to enable JTA platform integration)
2026-01-03 09:22:10.770 [restartedMain] INFO  o.s.o.j.LocalContainerEntityManagerFactoryBean - Initialized JPA EntityManagerFactory for persistence unit 'default'
2026-01-03 09:22:11.516 [restartedMain] WARN  o.s.b.a.o.j.JpaBaseConfiguration$JpaWebConfiguration - spring.jpa.open-in-view is enabled by default. Therefore, database queries may be performed during view rendering. Explicitly configure spring.jpa.open-in-view to disable this warning
2026-01-03 09:22:12.050 [restartedMain] INFO  o.s.w.s.a.s.AnnotationActionEndpointMapping - Supporting [WS-Addressing August 2004, WS-Addressing 1.0]
2026-01-03 09:22:12.073 [restartedMain] INFO  o.s.b.d.a.OptionalLiveReloadServer - LiveReload server is running on port 35729
2026-01-03 09:22:12.080 [restartedMain] INFO  o.s.b.a.e.web.EndpointLinksResolver - Exposing 1 endpoint beneath base path '/actuator'
2026-01-03 09:22:12.139 [restartedMain] INFO  o.a.coyote.http11.Http11NioProtocol - Starting ProtocolHandler ["http-nio-9093"]
2026-01-03 09:22:12.148 [restartedMain] INFO  o.s.b.w.e.tomcat.TomcatWebServer - Tomcat started on port 9093 (http) with context path '/'
2026-01-03 09:22:12.161 [restartedMain] INFO  a.p.o.o.ObraManagementServiceApplication - Started ObraManagementServiceApplication in 6.365 seconds (process running for 6.726)
2026-01-03 09:23:52.220 [http-nio-9093-exec-1] INFO  o.a.c.c.C.[Tomcat].[localhost].[/] - Initializing Spring DispatcherServlet 'dispatcherServlet'
2026-01-03 09:23:52.221 [http-nio-9093-exec-1] INFO  o.s.web.servlet.DispatcherServlet - Initializing Servlet 'dispatcherServlet'
2026-01-03 09:23:52.225 [http-nio-9093-exec-1] INFO  o.s.web.servlet.DispatcherServlet - Completed initialization in 4 ms
2026-01-03 09:23:55.938 [http-nio-9093-exec-9] INFO  o.s.api.AbstractOpenApiResource - Init duration for springdoc-openapi is: 920 ms
2026-01-03 09:26:42.270 [http-nio-9093-exec-7] INFO  a.p.o.o.service.ClienteService - Iniciando a listagem de clientes.
2026-01-03 09:26:42.348 [http-nio-9093-exec-7] TRACE org.hibernate.orm.jdbc.bind - binding parameter (1:INTEGER) <- [0]
2026-01-03 09:26:42.349 [http-nio-9093-exec-7] TRACE org.hibernate.orm.jdbc.bind - binding parameter (2:INTEGER) <- [12]
2026-01-03 09:26:42.383 [http-nio-9093-exec-7] TRACE org.hibernate.orm.jdbc.bind - binding parameter (1:UUID) <- [54d0ecb7-26cb-446b-be26-fe16565627af]
2026-01-03 09:26:42.392 [http-nio-9093-exec-7] TRACE org.hibernate.orm.jdbc.bind - binding parameter (1:UUID) <- [b68db591-e0e0-4f5b-959f-a59d5f2a7b97]
2026-01-03 09:27:13.977 [http-nio-9093-exec-9] INFO  a.p.o.o.service.FuncionarioService - Iniciando a listagem de funcionarios.
2026-01-03 09:27:13.979 [http-nio-9093-exec-9] TRACE org.hibernate.orm.jdbc.bind - binding parameter (1:INTEGER) <- [0]
2026-01-03 09:27:13.979 [http-nio-9093-exec-9] TRACE org.hibernate.orm.jdbc.bind - binding parameter (2:INTEGER) <- [12]
2026-01-03 09:27:13.986 [http-nio-9093-exec-9] TRACE org.hibernate.orm.jdbc.bind - binding parameter (1:UUID) <- [740c451b-4a6d-41fd-8118-a72f1933326e]
2026-01-03 09:27:13.993 [http-nio-9093-exec-9] TRACE org.hibernate.orm.jdbc.bind - binding parameter (1:UUID) <- [9dcf8ad9-2e2f-40ce-af4d-0603172c3462]
2026-01-03 09:27:36.144 [http-nio-9093-exec-10] INFO  a.p.o.o.s.ProjetoArquitetonicoService - Iniciando a criação de uma novo projeto arquitetônico
2026-01-03 09:27:36.169 [http-nio-9093-exec-10] INFO  a.p.o.o.s.ProjetoArquitetonicoService - Projeto arquitetônico criado com sucesso.
2026-01-03 09:27:36.183 [http-nio-9093-exec-10] TRACE org.hibernate.orm.jdbc.bind - binding parameter (1:DOUBLE) <- [0.1]
2026-01-03 09:27:36.183 [http-nio-9093-exec-10] TRACE org.hibernate.orm.jdbc.bind - binding parameter (2:VARCHAR) <- [TTT]
2026-01-03 09:27:36.183 [http-nio-9093-exec-10] TRACE org.hibernate.orm.jdbc.bind - binding parameter (3:VARCHAR) <- [TTT]
2026-01-03 09:27:36.183 [http-nio-9093-exec-10] TRACE org.hibernate.orm.jdbc.bind - binding parameter (4:UUID) <- [00000000-0000-0000-0000-000000000000]
2026-01-03 09:27:36.184 [http-nio-9093-exec-10] TRACE org.hibernate.orm.jdbc.bind - binding parameter (5:TIMESTAMP) <- [2026-01-03T09:27:36.161306467]
2026-01-03 09:27:36.184 [http-nio-9093-exec-10] TRACE org.hibernate.orm.jdbc.bind - binding parameter (6:VARCHAR) <- [TTT]
2026-01-03 09:27:36.184 [http-nio-9093-exec-10] TRACE org.hibernate.orm.jdbc.bind - binding parameter (7:DOUBLE) <- [0.1]
2026-01-03 09:27:36.185 [http-nio-9093-exec-10] TRACE org.hibernate.orm.jdbc.bind - binding parameter (8:DOUBLE) <- [0.1]
2026-01-03 09:27:36.185 [http-nio-9093-exec-10] TRACE org.hibernate.orm.jdbc.bind - binding parameter (9:VARCHAR) <- [TTT]
2026-01-03 09:27:36.185 [http-nio-9093-exec-10] TRACE org.hibernate.orm.jdbc.bind - binding parameter (10:VARCHAR) <- [TTT]
2026-01-03 09:27:36.185 [http-nio-9093-exec-10] TRACE org.hibernate.orm.jdbc.bind - binding parameter (11:BOOLEAN) <- [null]
2026-01-03 09:27:36.185 [http-nio-9093-exec-10] TRACE org.hibernate.orm.jdbc.bind - binding parameter (12:UUID) <- [7e5d4b74-1387-4d7c-b27a-d53859c6140a]
2026-01-03 09:27:36.190 [http-nio-9093-exec-10] TRACE org.hibernate.orm.jdbc.bind - binding parameter (1:UUID) <- [5b3345e6-daed-4a1e-bdec-14390b41ca0c]
2026-01-03 09:27:36.191 [http-nio-9093-exec-10] TRACE org.hibernate.orm.jdbc.bind - binding parameter (2:UUID) <- [86e0be25-b9d0-4001-8cd1-9dadf10e7bfd]
2026-01-03 09:27:36.191 [http-nio-9093-exec-10] TRACE org.hibernate.orm.jdbc.bind - binding parameter (3:VARCHAR) <- [null]
2026-01-03 09:27:36.191 [http-nio-9093-exec-10] TRACE org.hibernate.orm.jdbc.bind - binding parameter (4:UUID) <- [00000000-0000-0000-0000-000000000000]
2026-01-03 09:27:36.191 [http-nio-9093-exec-10] TRACE org.hibernate.orm.jdbc.bind - binding parameter (5:TIMESTAMP) <- [2026-01-03T09:27:36.168356275]
2026-01-03 09:27:36.191 [http-nio-9093-exec-10] TRACE org.hibernate.orm.jdbc.bind - binding parameter (6:TIMESTAMP) <- [2026-01-03 09:25:54.841]
2026-01-03 09:27:36.191 [http-nio-9093-exec-10] TRACE org.hibernate.orm.jdbc.bind - binding parameter (7:TIMESTAMP) <- [2027-01-03 09:25:54.841]
2026-01-03 09:27:36.191 [http-nio-9093-exec-10] TRACE org.hibernate.orm.jdbc.bind - binding parameter (8:VARCHAR) <- [TTT]
2026-01-03 09:27:36.191 [http-nio-9093-exec-10] TRACE org.hibernate.orm.jdbc.bind - binding parameter (9:UUID) <- [7e5d4b74-1387-4d7c-b27a-d53859c6140a]
2026-01-03 09:27:36.191 [http-nio-9093-exec-10] TRACE org.hibernate.orm.jdbc.bind - binding parameter (10:VARCHAR) <- [TTT]
2026-01-03 09:27:36.192 [http-nio-9093-exec-10] TRACE org.hibernate.orm.jdbc.bind - binding parameter (11:DOUBLE) <- [0.1]
2026-01-03 09:27:36.192 [http-nio-9093-exec-10] TRACE org.hibernate.orm.jdbc.bind - binding parameter (12:UUID) <- [bb1827b3-57b9-49ec-a775-a7f5a91b8297]
2026-01-03 09:27:36.192 [http-nio-9093-exec-10] TRACE org.hibernate.orm.jdbc.bind - binding parameter (13:DOUBLE) <- [0.1]
2026-01-03 09:27:36.192 [http-nio-9093-exec-10] TRACE org.hibernate.orm.jdbc.bind - binding parameter (14:BOOLEAN) <- [true]
2026-01-03 09:27:36.192 [http-nio-9093-exec-10] TRACE org.hibernate.orm.jdbc.bind - binding parameter (15:UUID) <- [b67c1174-7097-4082-8701-297962f3ae69]
2026-01-03 09:30:21.733 [http-nio-9093-exec-1] INFO  a.p.o.o.s.ProjetoArquitetonicoService - Iniciando a criação de uma novo projeto arquitetônico
2026-01-03 09:30:21.735 [http-nio-9093-exec-1] INFO  a.p.o.o.s.ProjetoArquitetonicoService - Projeto arquitetônico criado com sucesso.
2026-01-03 09:30:21.736 [http-nio-9093-exec-1] TRACE org.hibernate.orm.jdbc.bind - binding parameter (1:DOUBLE) <- [0.1]
2026-01-03 09:30:21.736 [http-nio-9093-exec-1] TRACE org.hibernate.orm.jdbc.bind - binding parameter (2:VARCHAR) <- [RRR]
2026-01-03 09:30:21.736 [http-nio-9093-exec-1] TRACE org.hibernate.orm.jdbc.bind - binding parameter (3:VARCHAR) <- [RRR]
2026-01-03 09:30:21.737 [http-nio-9093-exec-1] TRACE org.hibernate.orm.jdbc.bind - binding parameter (4:UUID) <- [00000000-0000-0000-0000-000000000000]
2026-01-03 09:30:21.737 [http-nio-9093-exec-1] TRACE org.hibernate.orm.jdbc.bind - binding parameter (5:TIMESTAMP) <- [2026-01-03T09:30:21.734441119]
2026-01-03 09:30:21.737 [http-nio-9093-exec-1] TRACE org.hibernate.orm.jdbc.bind - binding parameter (6:VARCHAR) <- [RRR]
2026-01-03 09:30:21.737 [http-nio-9093-exec-1] TRACE org.hibernate.orm.jdbc.bind - binding parameter (7:DOUBLE) <- [0.1]
2026-01-03 09:30:21.737 [http-nio-9093-exec-1] TRACE org.hibernate.orm.jdbc.bind - binding parameter (8:DOUBLE) <- [0.1]
2026-01-03 09:30:21.738 [http-nio-9093-exec-1] TRACE org.hibernate.orm.jdbc.bind - binding parameter (9:VARCHAR) <- [RRR]
2026-01-03 09:30:21.738 [http-nio-9093-exec-1] TRACE org.hibernate.orm.jdbc.bind - binding parameter (10:VARCHAR) <- [RRR]
2026-01-03 09:30:21.738 [http-nio-9093-exec-1] TRACE org.hibernate.orm.jdbc.bind - binding parameter (11:BOOLEAN) <- [null]
2026-01-03 09:30:21.738 [http-nio-9093-exec-1] TRACE org.hibernate.orm.jdbc.bind - binding parameter (12:UUID) <- [b3b1c50a-73f1-4cd4-943a-adeecbde69c2]
2026-01-03 09:30:21.739 [http-nio-9093-exec-1] TRACE org.hibernate.orm.jdbc.bind - binding parameter (1:UUID) <- [d59c878d-5bcd-4259-b4eb-82188d00a332]
2026-01-03 09:30:21.739 [http-nio-9093-exec-1] TRACE org.hibernate.orm.jdbc.bind - binding parameter (2:UUID) <- [82094bb8-6255-494f-b3da-ff2a49908412]
2026-01-03 09:30:21.739 [http-nio-9093-exec-1] TRACE org.hibernate.orm.jdbc.bind - binding parameter (3:VARCHAR) <- [null]
2026-01-03 09:30:21.739 [http-nio-9093-exec-1] TRACE org.hibernate.orm.jdbc.bind - binding parameter (4:UUID) <- [00000000-0000-0000-0000-000000000000]
2026-01-03 09:30:21.739 [http-nio-9093-exec-1] TRACE org.hibernate.orm.jdbc.bind - binding parameter (5:TIMESTAMP) <- [2026-01-03T09:30:21.734983817]
2026-01-03 09:30:21.739 [http-nio-9093-exec-1] TRACE org.hibernate.orm.jdbc.bind - binding parameter (6:TIMESTAMP) <- [2026-01-03 09:25:54.841]
2026-01-03 09:30:21.739 [http-nio-9093-exec-1] TRACE org.hibernate.orm.jdbc.bind - binding parameter (7:TIMESTAMP) <- [2027-01-03 09:25:54.841]
2026-01-03 09:30:21.740 [http-nio-9093-exec-1] TRACE org.hibernate.orm.jdbc.bind - binding parameter (8:VARCHAR) <- [RRR]
2026-01-03 09:30:21.740 [http-nio-9093-exec-1] TRACE org.hibernate.orm.jdbc.bind - binding parameter (9:UUID) <- [b3b1c50a-73f1-4cd4-943a-adeecbde69c2]
2026-01-03 09:30:21.740 [http-nio-9093-exec-1] TRACE org.hibernate.orm.jdbc.bind - binding parameter (10:VARCHAR) <- [RRR]
2026-01-03 09:30:21.740 [http-nio-9093-exec-1] TRACE org.hibernate.orm.jdbc.bind - binding parameter (11:DOUBLE) <- [0.1]
2026-01-03 09:30:21.740 [http-nio-9093-exec-1] TRACE org.hibernate.orm.jdbc.bind - binding parameter (12:UUID) <- [bb1827b3-57b9-49ec-a775-a7f5a91b8297]
2026-01-03 09:30:21.740 [http-nio-9093-exec-1] TRACE org.hibernate.orm.jdbc.bind - binding parameter (13:DOUBLE) <- [0.1]
2026-01-03 09:30:21.740 [http-nio-9093-exec-1] TRACE org.hibernate.orm.jdbc.bind - binding parameter (14:BOOLEAN) <- [true]
2026-01-03 09:30:21.740 [http-nio-9093-exec-1] TRACE org.hibernate.orm.jdbc.bind - binding parameter (15:UUID) <- [486d7889-9e9a-453d-aa85-8572aca416ea]
2026-01-03 09:36:27.388 [SpringApplicationShutdownHook] INFO  o.s.b.w.e.tomcat.GracefulShutdown - Commencing graceful shutdown. Waiting for active requests to complete
2026-01-03 09:36:27.392 [tomcat-shutdown] INFO  o.s.b.w.e.tomcat.GracefulShutdown - Graceful shutdown complete
2026-01-03 09:36:27.400 [SpringApplicationShutdownHook] INFO  o.s.o.j.LocalContainerEntityManagerFactoryBean - Closing JPA EntityManagerFactory for persistence unit 'default'
2026-01-03 09:36:27.403 [SpringApplicationShutdownHook] INFO  com.zaxxer.hikari.HikariDataSource - HikariPool-1 - Shutdown initiated...
2026-01-03 09:36:27.405 [SpringApplicationShutdownHook] INFO  com.zaxxer.hikari.HikariDataSource - HikariPool-1 - Shutdown completed.
2026-01-03 09:36:43.035 [background-preinit] INFO  o.h.validator.internal.util.Version - HV000001: Hibernate Validator 8.0.2.Final
2026-01-03 09:36:43.084 [restartedMain] INFO  a.p.o.o.ObraManagementServiceApplication - Starting ObraManagementServiceApplication using Java 21.0.5 with PID 35501 (/workspaces/jl-prumo-main/jl-obra-service/target/classes started by codespace in /workspaces/jl-prumo-main/jl-obra-service)
2026-01-03 09:36:43.084 [restartedMain] INFO  a.p.o.o.ObraManagementServiceApplication - The following 1 profile is active: "dev"
2026-01-03 09:36:43.138 [restartedMain] INFO  o.s.b.d.e.DevToolsPropertyDefaultsPostProcessor - Devtools property defaults active! Set 'spring.devtools.add-properties' to 'false' to disable
2026-01-03 09:36:43.139 [restartedMain] INFO  o.s.b.d.e.DevToolsPropertyDefaultsPostProcessor - For additional web related logging consider setting the 'logging.level.web' property to 'DEBUG'
2026-01-03 09:36:44.165 [restartedMain] INFO  o.s.d.r.c.RepositoryConfigurationDelegate - Multiple Spring Data modules found, entering strict repository configuration mode
2026-01-03 09:36:44.166 [restartedMain] INFO  o.s.d.r.c.RepositoryConfigurationDelegate - Bootstrapping Spring Data JDBC repositories in DEFAULT mode.
2026-01-03 09:36:44.200 [restartedMain] INFO  o.s.d.r.c.RepositoryConfigurationExtensionSupport - Spring Data JDBC - Could not safely identify store assignment for repository candidate interface ao.prumo.obra.obramanagementservice.entity.repository.AgenciaRepository; If you want this repository to be a JDBC repository, consider annotating your entities with one of these annotations: org.springframework.data.relational.core.mapping.Table.
2026-01-03 09:36:44.201 [restartedMain] INFO  o.s.d.r.c.RepositoryConfigurationExtensionSupport - Spring Data JDBC - Could not safely identify store assignment for repository candidate interface ao.prumo.obra.obramanagementservice.entity.repository.CargoRepository; If you want this repository to be a JDBC repository, consider annotating your entities with one of these annotations: org.springframework.data.relational.core.mapping.Table.
2026-01-03 09:36:44.202 [restartedMain] INFO  o.s.d.r.c.RepositoryConfigurationExtensionSupport - Spring Data JDBC - Could not safely identify store assignment for repository candidate interface ao.prumo.obra.obramanagementservice.entity.repository.ClienteRepository; If you want this repository to be a JDBC repository, consider annotating your entities with one of these annotations: org.springframework.data.relational.core.mapping.Table.
2026-01-03 09:36:44.203 [restartedMain] INFO  o.s.d.r.c.RepositoryConfigurationExtensionSupport - Spring Data JDBC - Could not safely identify store assignment for repository candidate interface ao.prumo.obra.obramanagementservice.entity.repository.ContaOrganizacaoRepository; If you want this repository to be a JDBC repository, consider annotating your entities with one of these annotations: org.springframework.data.relational.core.mapping.Table.
2026-01-03 09:36:44.204 [restartedMain] INFO  o.s.d.r.c.RepositoryConfigurationExtensionSupport - Spring Data JDBC - Could not safely identify store assignment for repository candidate interface ao.prumo.obra.obramanagementservice.entity.repository.DespesaRepository; If you want this repository to be a JDBC repository, consider annotating your entities with one of these annotations: org.springframework.data.relational.core.mapping.Table.
2026-01-03 09:36:44.204 [restartedMain] INFO  o.s.d.r.c.RepositoryConfigurationExtensionSupport - Spring Data JDBC - Could not safely identify store assignment for repository candidate interface ao.prumo.obra.obramanagementservice.entity.repository.DocumentoProjetoRepository; If you want this repository to be a JDBC repository, consider annotating your entities with one of these annotations: org.springframework.data.relational.core.mapping.Table.
2026-01-03 09:36:44.205 [restartedMain] INFO  o.s.d.r.c.RepositoryConfigurationExtensionSupport - Spring Data JDBC - Could not safely identify store assignment for repository candidate interface ao.prumo.obra.obramanagementservice.entity.repository.EnderecoRepository; If you want this repository to be a JDBC repository, consider annotating your entities with one of these annotations: org.springframework.data.relational.core.mapping.Table.
2026-01-03 09:36:44.206 [restartedMain] INFO  o.s.d.r.c.RepositoryConfigurationExtensionSupport - Spring Data JDBC - Could not safely identify store assignment for repository candidate interface ao.prumo.obra.obramanagementservice.entity.repository.EtapaLogisticaRepository; If you want this repository to be a JDBC repository, consider annotating your entities with one of these annotations: org.springframework.data.relational.core.mapping.Table.
2026-01-03 09:36:44.207 [restartedMain] INFO  o.s.d.r.c.RepositoryConfigurationExtensionSupport - Spring Data JDBC - Could not safely identify store assignment for repository candidate interface ao.prumo.obra.obramanagementservice.entity.repository.EtapaObraRepository; If you want this repository to be a JDBC repository, consider annotating your entities with one of these annotations: org.springframework.data.relational.core.mapping.Table.
2026-01-03 09:36:44.208 [restartedMain] INFO  o.s.d.r.c.RepositoryConfigurationExtensionSupport - Spring Data JDBC - Could not safely identify store assignment for repository candidate interface ao.prumo.obra.obramanagementservice.entity.repository.FuncionarioRepository; If you want this repository to be a JDBC repository, consider annotating your entities with one of these annotations: org.springframework.data.relational.core.mapping.Table.
2026-01-03 09:36:44.208 [restartedMain] INFO  o.s.d.r.c.RepositoryConfigurationExtensionSupport - Spring Data JDBC - Could not safely identify store assignment for repository candidate interface ao.prumo.obra.obramanagementservice.entity.repository.LogisticaPrecoRepository; If you want this repository to be a JDBC repository, consider annotating your entities with one of these annotations: org.springframework.data.relational.core.mapping.Table.
2026-01-03 09:36:44.209 [restartedMain] INFO  o.s.d.r.c.RepositoryConfigurationExtensionSupport - Spring Data JDBC - Could not safely identify store assignment for repository candidate interface ao.prumo.obra.obramanagementservice.entity.repository.LogisticaRepository; If you want this repository to be a JDBC repository, consider annotating your entities with one of these annotations: org.springframework.data.relational.core.mapping.Table.
2026-01-03 09:36:44.210 [restartedMain] INFO  o.s.d.r.c.RepositoryConfigurationExtensionSupport - Spring Data JDBC - Could not safely identify store assignment for repository candidate interface ao.prumo.obra.obramanagementservice.entity.repository.ObraRepository; If you want this repository to be a JDBC repository, consider annotating your entities with one of these annotations: org.springframework.data.relational.core.mapping.Table.
2026-01-03 09:36:44.212 [restartedMain] INFO  o.s.d.r.c.RepositoryConfigurationExtensionSupport - Spring Data JDBC - Could not safely identify store assignment for repository candidate interface ao.prumo.obra.obramanagementservice.entity.repository.OrganizacaoRepository; If you want this repository to be a JDBC repository, consider annotating your entities with one of these annotations: org.springframework.data.relational.core.mapping.Table.
2026-01-03 09:36:44.213 [restartedMain] INFO  o.s.d.r.c.RepositoryConfigurationExtensionSupport - Spring Data JDBC - Could not safely identify store assignment for repository candidate interface ao.prumo.obra.obramanagementservice.entity.repository.PagamentoProjectoRepository; If you want this repository to be a JDBC repository, consider annotating your entities with one of these annotations: org.springframework.data.relational.core.mapping.Table.
2026-01-03 09:36:44.215 [restartedMain] INFO  o.s.d.r.c.RepositoryConfigurationExtensionSupport - Spring Data JDBC - Could not safely identify store assignment for repository candidate interface ao.prumo.obra.obramanagementservice.entity.repository.PessoaRepository; If you want this repository to be a JDBC repository, consider annotating your entities with one of these annotations: org.springframework.data.relational.core.mapping.Table.
2026-01-03 09:36:44.216 [restartedMain] INFO  o.s.d.r.c.RepositoryConfigurationExtensionSupport - Spring Data JDBC - Could not safely identify store assignment for repository candidate interface ao.prumo.obra.obramanagementservice.entity.repository.ProjetoArquitetonicoRepository; If you want this repository to be a JDBC repository, consider annotating your entities with one of these annotations: org.springframework.data.relational.core.mapping.Table.
2026-01-03 09:36:44.218 [restartedMain] INFO  o.s.d.r.c.RepositoryConfigurationExtensionSupport - Spring Data JDBC - Could not safely identify store assignment for repository candidate interface ao.prumo.obra.obramanagementservice.entity.repository.VersaoProjetoRepository; If you want this repository to be a JDBC repository, consider annotating your entities with one of these annotations: org.springframework.data.relational.core.mapping.Table.
2026-01-03 09:36:44.218 [restartedMain] INFO  o.s.d.r.c.RepositoryConfigurationDelegate - Finished Spring Data repository scanning in 47 ms. Found 0 JDBC repository interfaces.
2026-01-03 09:36:44.227 [restartedMain] INFO  o.s.d.r.c.RepositoryConfigurationDelegate - Multiple Spring Data modules found, entering strict repository configuration mode
2026-01-03 09:36:44.228 [restartedMain] INFO  o.s.d.r.c.RepositoryConfigurationDelegate - Bootstrapping Spring Data JPA repositories in DEFAULT mode.
2026-01-03 09:36:44.296 [restartedMain] INFO  o.s.d.r.c.RepositoryConfigurationDelegate - Finished Spring Data repository scanning in 65 ms. Found 18 JPA repository interfaces.
2026-01-03 09:36:44.900 [restartedMain] INFO  o.s.b.w.e.tomcat.TomcatWebServer - Tomcat initialized with port 9093 (http)
2026-01-03 09:36:44.918 [restartedMain] INFO  o.a.coyote.http11.Http11NioProtocol - Initializing ProtocolHandler ["http-nio-9093"]
2026-01-03 09:36:44.921 [restartedMain] INFO  o.a.catalina.core.StandardService - Starting service [Tomcat]
2026-01-03 09:36:44.922 [restartedMain] INFO  o.a.catalina.core.StandardEngine - Starting Servlet engine: [Apache Tomcat/10.1.42]
2026-01-03 09:36:44.975 [restartedMain] INFO  o.a.c.c.C.[Tomcat].[localhost].[/] - Initializing Spring embedded WebApplicationContext
2026-01-03 09:36:44.977 [restartedMain] INFO  o.s.b.w.s.c.ServletWebServerApplicationContext - Root WebApplicationContext: initialization completed in 1837 ms
2026-01-03 09:36:45.182 [restartedMain] INFO  o.h.jpa.internal.util.LogHelper - HHH000204: Processing PersistenceUnitInfo [name: default]
2026-01-03 09:36:45.210 [restartedMain] INFO  org.hibernate.Version - HHH000412: Hibernate ORM core version 6.6.18.Final
2026-01-03 09:36:45.230 [restartedMain] INFO  o.h.c.i.RegionFactoryInitiator - HHH000026: Second-level cache disabled
2026-01-03 09:36:45.425 [restartedMain] INFO  o.s.o.j.p.SpringPersistenceUnitInfo - No LoadTimeWeaver setup: ignoring JPA class transformer
2026-01-03 09:36:45.456 [restartedMain] INFO  com.zaxxer.hikari.HikariDataSource - HikariPool-1 - Starting...
2026-01-03 09:36:45.571 [restartedMain] INFO  com.zaxxer.hikari.pool.HikariPool - HikariPool-1 - Added connection org.postgresql.jdbc.PgConnection@24949b2
2026-01-03 09:36:45.572 [restartedMain] INFO  com.zaxxer.hikari.HikariDataSource - HikariPool-1 - Start completed.
2026-01-03 09:36:45.595 [restartedMain] WARN  org.hibernate.orm.deprecation - HHH90000025: PostgreSQLDialect does not need to be specified explicitly using 'hibernate.dialect' (remove the property setting and it will be selected by default)
2026-01-03 09:36:45.608 [restartedMain] INFO  o.hibernate.orm.connections.pooling - HHH10001005: Database info:
	Database JDBC URL [Connecting through datasource 'HikariDataSource (HikariPool-1)']
	Database driver: undefined/unknown
	Database version: 16.3
	Autocommit mode: undefined/unknown
	Isolation level: undefined/unknown
	Minimum pool size: undefined/unknown
	Maximum pool size: undefined/unknown
2026-01-03 09:36:46.714 [restartedMain] INFO  o.h.e.t.j.p.i.JtaPlatformInitiator - HHH000489: No JTA platform available (set 'hibernate.transaction.jta.platform' to enable JTA platform integration)
2026-01-03 09:36:47.877 [restartedMain] INFO  o.s.o.j.LocalContainerEntityManagerFactoryBean - Initialized JPA EntityManagerFactory for persistence unit 'default'
2026-01-03 09:36:48.536 [restartedMain] WARN  o.s.b.a.o.j.JpaBaseConfiguration$JpaWebConfiguration - spring.jpa.open-in-view is enabled by default. Therefore, database queries may be performed during view rendering. Explicitly configure spring.jpa.open-in-view to disable this warning
2026-01-03 09:36:49.100 [restartedMain] INFO  o.s.w.s.a.s.AnnotationActionEndpointMapping - Supporting [WS-Addressing August 2004, WS-Addressing 1.0]
2026-01-03 09:36:49.123 [restartedMain] INFO  o.s.b.d.a.OptionalLiveReloadServer - LiveReload server is running on port 35729
2026-01-03 09:36:49.130 [restartedMain] INFO  o.s.b.a.e.web.EndpointLinksResolver - Exposing 1 endpoint beneath base path '/actuator'
2026-01-03 09:36:49.225 [restartedMain] INFO  o.a.coyote.http11.Http11NioProtocol - Starting ProtocolHandler ["http-nio-9093"]
2026-01-03 09:36:49.242 [restartedMain] INFO  o.s.b.w.e.tomcat.TomcatWebServer - Tomcat started on port 9093 (http) with context path '/'
2026-01-03 09:36:49.294 [restartedMain] INFO  a.p.o.o.ObraManagementServiceApplication - Started ObraManagementServiceApplication in 6.682 seconds (process running for 7.115)
2026-01-03 09:43:47.277 [http-nio-9093-exec-1] INFO  o.a.c.c.C.[Tomcat].[localhost].[/] - Initializing Spring DispatcherServlet 'dispatcherServlet'
2026-01-03 09:43:47.277 [http-nio-9093-exec-1] INFO  o.s.web.servlet.DispatcherServlet - Initializing Servlet 'dispatcherServlet'
2026-01-03 09:43:47.279 [http-nio-9093-exec-1] INFO  o.s.web.servlet.DispatcherServlet - Completed initialization in 2 ms
2026-01-03 09:43:54.202 [http-nio-9093-exec-4] INFO  o.s.api.AbstractOpenApiResource - Init duration for springdoc-openapi is: 850 ms
2026-01-03 09:50:49.911 [http-nio-9093-exec-9] INFO  a.p.o.o.s.ProjetoArquitetonicoService - Iniciando a listagem de projetos arquitetônicos.
2026-01-03 09:50:49.987 [http-nio-9093-exec-9] TRACE org.hibernate.orm.jdbc.bind - binding parameter (1:INTEGER) <- [0]
2026-01-03 09:50:49.987 [http-nio-9093-exec-9] TRACE org.hibernate.orm.jdbc.bind - binding parameter (2:INTEGER) <- [12]
2026-01-03 09:50:50.017 [http-nio-9093-exec-9] TRACE org.hibernate.orm.jdbc.bind - binding parameter (1:UUID) <- [86e0be25-b9d0-4001-8cd1-9dadf10e7bfd]
2026-01-03 09:50:50.020 [http-nio-9093-exec-9] TRACE org.hibernate.orm.jdbc.bind - binding parameter (1:UUID) <- [54d0ecb7-26cb-446b-be26-fe16565627af]
2026-01-03 09:50:50.025 [http-nio-9093-exec-9] TRACE org.hibernate.orm.jdbc.bind - binding parameter (1:UUID) <- [7e5d4b74-1387-4d7c-b27a-d53859c6140a]
2026-01-03 09:50:50.027 [http-nio-9093-exec-9] TRACE org.hibernate.orm.jdbc.bind - binding parameter (1:UUID) <- [5b3345e6-daed-4a1e-bdec-14390b41ca0c]
2026-01-03 09:50:50.029 [http-nio-9093-exec-9] TRACE org.hibernate.orm.jdbc.bind - binding parameter (1:UUID) <- [9dcf8ad9-2e2f-40ce-af4d-0603172c3462]
2026-01-03 09:50:50.031 [http-nio-9093-exec-9] TRACE org.hibernate.orm.jdbc.bind - binding parameter (1:UUID) <- [82094bb8-6255-494f-b3da-ff2a49908412]
2026-01-03 09:50:50.032 [http-nio-9093-exec-9] TRACE org.hibernate.orm.jdbc.bind - binding parameter (1:UUID) <- [b68db591-e0e0-4f5b-959f-a59d5f2a7b97]
2026-01-03 09:50:50.036 [http-nio-9093-exec-9] TRACE org.hibernate.orm.jdbc.bind - binding parameter (1:UUID) <- [b3b1c50a-73f1-4cd4-943a-adeecbde69c2]
2026-01-03 09:50:50.039 [http-nio-9093-exec-9] TRACE org.hibernate.orm.jdbc.bind - binding parameter (1:UUID) <- [d59c878d-5bcd-4259-b4eb-82188d00a332]
2026-01-03 09:50:50.042 [http-nio-9093-exec-9] TRACE org.hibernate.orm.jdbc.bind - binding parameter (1:UUID) <- [740c451b-4a6d-41fd-8118-a72f1933326e]
2026-01-03 10:16:12.838 [SpringApplicationShutdownHook] INFO  o.s.b.w.e.tomcat.GracefulShutdown - Commencing graceful shutdown. Waiting for active requests to complete
2026-01-03 10:16:12.853 [tomcat-shutdown] INFO  o.s.b.w.e.tomcat.GracefulShutdown - Graceful shutdown complete
2026-01-03 10:16:12.861 [SpringApplicationShutdownHook] INFO  o.s.o.j.LocalContainerEntityManagerFactoryBean - Closing JPA EntityManagerFactory for persistence unit 'default'
2026-01-03 10:16:12.864 [SpringApplicationShutdownHook] INFO  com.zaxxer.hikari.HikariDataSource - HikariPool-1 - Shutdown initiated...
2026-01-03 10:16:12.866 [SpringApplicationShutdownHook] INFO  com.zaxxer.hikari.HikariDataSource - HikariPool-1 - Shutdown completed.
2026-01-03 10:22:27.388 [background-preinit] INFO  o.h.validator.internal.util.Version - HV000001: Hibernate Validator 8.0.2.Final
2026-01-03 10:22:27.430 [restartedMain] INFO  a.p.o.o.ObraManagementServiceApplication - Starting ObraManagementServiceApplication using Java 21.0.5 with PID 57311 (/workspaces/jl-prumo-main/jl-obra-service/target/classes started by codespace in /workspaces/jl-prumo-main/jl-obra-service)
2026-01-03 10:22:27.432 [restartedMain] INFO  a.p.o.o.ObraManagementServiceApplication - The following 1 profile is active: "dev"
2026-01-03 10:22:27.490 [restartedMain] INFO  o.s.b.d.e.DevToolsPropertyDefaultsPostProcessor - Devtools property defaults active! Set 'spring.devtools.add-properties' to 'false' to disable
2026-01-03 10:22:27.491 [restartedMain] INFO  o.s.b.d.e.DevToolsPropertyDefaultsPostProcessor - For additional web related logging consider setting the 'logging.level.web' property to 'DEBUG'
2026-01-03 10:22:28.624 [restartedMain] INFO  o.s.d.r.c.RepositoryConfigurationDelegate - Multiple Spring Data modules found, entering strict repository configuration mode
2026-01-03 10:22:28.625 [restartedMain] INFO  o.s.d.r.c.RepositoryConfigurationDelegate - Bootstrapping Spring Data JDBC repositories in DEFAULT mode.
2026-01-03 10:22:28.657 [restartedMain] INFO  o.s.d.r.c.RepositoryConfigurationExtensionSupport - Spring Data JDBC - Could not safely identify store assignment for repository candidate interface ao.prumo.obra.obramanagementservice.entity.repository.AgenciaRepository; If you want this repository to be a JDBC repository, consider annotating your entities with one of these annotations: org.springframework.data.relational.core.mapping.Table.
2026-01-03 10:22:28.658 [restartedMain] INFO  o.s.d.r.c.RepositoryConfigurationExtensionSupport - Spring Data JDBC - Could not safely identify store assignment for repository candidate interface ao.prumo.obra.obramanagementservice.entity.repository.CargoRepository; If you want this repository to be a JDBC repository, consider annotating your entities with one of these annotations: org.springframework.data.relational.core.mapping.Table.
2026-01-03 10:22:28.659 [restartedMain] INFO  o.s.d.r.c.RepositoryConfigurationExtensionSupport - Spring Data JDBC - Could not safely identify store assignment for repository candidate interface ao.prumo.obra.obramanagementservice.entity.repository.ClienteRepository; If you want this repository to be a JDBC repository, consider annotating your entities with one of these annotations: org.springframework.data.relational.core.mapping.Table.
2026-01-03 10:22:28.660 [restartedMain] INFO  o.s.d.r.c.RepositoryConfigurationExtensionSupport - Spring Data JDBC - Could not safely identify store assignment for repository candidate interface ao.prumo.obra.obramanagementservice.entity.repository.ContaOrganizacaoRepository; If you want this repository to be a JDBC repository, consider annotating your entities with one of these annotations: org.springframework.data.relational.core.mapping.Table.
2026-01-03 10:22:28.661 [restartedMain] INFO  o.s.d.r.c.RepositoryConfigurationExtensionSupport - Spring Data JDBC - Could not safely identify store assignment for repository candidate interface ao.prumo.obra.obramanagementservice.entity.repository.DespesaRepository; If you want this repository to be a JDBC repository, consider annotating your entities with one of these annotations: org.springframework.data.relational.core.mapping.Table.
2026-01-03 10:22:28.662 [restartedMain] INFO  o.s.d.r.c.RepositoryConfigurationExtensionSupport - Spring Data JDBC - Could not safely identify store assignment for repository candidate interface ao.prumo.obra.obramanagementservice.entity.repository.DocumentoProjetoRepository; If you want this repository to be a JDBC repository, consider annotating your entities with one of these annotations: org.springframework.data.relational.core.mapping.Table.
2026-01-03 10:22:28.662 [restartedMain] INFO  o.s.d.r.c.RepositoryConfigurationExtensionSupport - Spring Data JDBC - Could not safely identify store assignment for repository candidate interface ao.prumo.obra.obramanagementservice.entity.repository.EnderecoRepository; If you want this repository to be a JDBC repository, consider annotating your entities with one of these annotations: org.springframework.data.relational.core.mapping.Table.
2026-01-03 10:22:28.663 [restartedMain] INFO  o.s.d.r.c.RepositoryConfigurationExtensionSupport - Spring Data JDBC - Could not safely identify store assignment for repository candidate interface ao.prumo.obra.obramanagementservice.entity.repository.EtapaLogisticaRepository; If you want this repository to be a JDBC repository, consider annotating your entities with one of these annotations: org.springframework.data.relational.core.mapping.Table.
2026-01-03 10:22:28.664 [restartedMain] INFO  o.s.d.r.c.RepositoryConfigurationExtensionSupport - Spring Data JDBC - Could not safely identify store assignment for repository candidate interface ao.prumo.obra.obramanagementservice.entity.repository.EtapaObraRepository; If you want this repository to be a JDBC repository, consider annotating your entities with one of these annotations: org.springframework.data.relational.core.mapping.Table.
2026-01-03 10:22:28.665 [restartedMain] INFO  o.s.d.r.c.RepositoryConfigurationExtensionSupport - Spring Data JDBC - Could not safely identify store assignment for repository candidate interface ao.prumo.obra.obramanagementservice.entity.repository.FuncionarioRepository; If you want this repository to be a JDBC repository, consider annotating your entities with one of these annotations: org.springframework.data.relational.core.mapping.Table.
2026-01-03 10:22:28.666 [restartedMain] INFO  o.s.d.r.c.RepositoryConfigurationExtensionSupport - Spring Data JDBC - Could not safely identify store assignment for repository candidate interface ao.prumo.obra.obramanagementservice.entity.repository.LogisticaPrecoRepository; If you want this repository to be a JDBC repository, consider annotating your entities with one of these annotations: org.springframework.data.relational.core.mapping.Table.
2026-01-03 10:22:28.667 [restartedMain] INFO  o.s.d.r.c.RepositoryConfigurationExtensionSupport - Spring Data JDBC - Could not safely identify store assignment for repository candidate interface ao.prumo.obra.obramanagementservice.entity.repository.LogisticaRepository; If you want this repository to be a JDBC repository, consider annotating your entities with one of these annotations: org.springframework.data.relational.core.mapping.Table.
2026-01-03 10:22:28.667 [restartedMain] INFO  o.s.d.r.c.RepositoryConfigurationExtensionSupport - Spring Data JDBC - Could not safely identify store assignment for repository candidate interface ao.prumo.obra.obramanagementservice.entity.repository.ObraRepository; If you want this repository to be a JDBC repository, consider annotating your entities with one of these annotations: org.springframework.data.relational.core.mapping.Table.
2026-01-03 10:22:28.668 [restartedMain] INFO  o.s.d.r.c.RepositoryConfigurationExtensionSupport - Spring Data JDBC - Could not safely identify store assignment for repository candidate interface ao.prumo.obra.obramanagementservice.entity.repository.OrganizacaoRepository; If you want this repository to be a JDBC repository, consider annotating your entities with one of these annotations: org.springframework.data.relational.core.mapping.Table.
2026-01-03 10:22:28.669 [restartedMain] INFO  o.s.d.r.c.RepositoryConfigurationExtensionSupport - Spring Data JDBC - Could not safely identify store assignment for repository candidate interface ao.prumo.obra.obramanagementservice.entity.repository.PagamentoProjectoRepository; If you want this repository to be a JDBC repository, consider annotating your entities with one of these annotations: org.springframework.data.relational.core.mapping.Table.
2026-01-03 10:22:28.670 [restartedMain] INFO  o.s.d.r.c.RepositoryConfigurationExtensionSupport - Spring Data JDBC - Could not safely identify store assignment for repository candidate interface ao.prumo.obra.obramanagementservice.entity.repository.PessoaRepository; If you want this repository to be a JDBC repository, consider annotating your entities with one of these annotations: org.springframework.data.relational.core.mapping.Table.
2026-01-03 10:22:28.671 [restartedMain] INFO  o.s.d.r.c.RepositoryConfigurationExtensionSupport - Spring Data JDBC - Could not safely identify store assignment for repository candidate interface ao.prumo.obra.obramanagementservice.entity.repository.ProjetoArquitetonicoRepository; If you want this repository to be a JDBC repository, consider annotating your entities with one of these annotations: org.springframework.data.relational.core.mapping.Table.
2026-01-03 10:22:28.672 [restartedMain] INFO  o.s.d.r.c.RepositoryConfigurationExtensionSupport - Spring Data JDBC - Could not safely identify store assignment for repository candidate interface ao.prumo.obra.obramanagementservice.entity.repository.VersaoProjetoRepository; If you want this repository to be a JDBC repository, consider annotating your entities with one of these annotations: org.springframework.data.relational.core.mapping.Table.
2026-01-03 10:22:28.672 [restartedMain] INFO  o.s.d.r.c.RepositoryConfigurationDelegate - Finished Spring Data repository scanning in 42 ms. Found 0 JDBC repository interfaces.
2026-01-03 10:22:28.680 [restartedMain] INFO  o.s.d.r.c.RepositoryConfigurationDelegate - Multiple Spring Data modules found, entering strict repository configuration mode
2026-01-03 10:22:28.681 [restartedMain] INFO  o.s.d.r.c.RepositoryConfigurationDelegate - Bootstrapping Spring Data JPA repositories in DEFAULT mode.
2026-01-03 10:22:28.728 [restartedMain] INFO  o.s.d.r.c.RepositoryConfigurationDelegate - Finished Spring Data repository scanning in 43 ms. Found 18 JPA repository interfaces.
2026-01-03 10:22:29.343 [restartedMain] INFO  o.s.b.w.e.tomcat.TomcatWebServer - Tomcat initialized with port 9093 (http)
2026-01-03 10:22:29.354 [restartedMain] INFO  o.a.coyote.http11.Http11NioProtocol - Initializing ProtocolHandler ["http-nio-9093"]
2026-01-03 10:22:29.355 [restartedMain] INFO  o.a.catalina.core.StandardService - Starting service [Tomcat]
2026-01-03 10:22:29.355 [restartedMain] INFO  o.a.catalina.core.StandardEngine - Starting Servlet engine: [Apache Tomcat/10.1.42]
2026-01-03 10:22:29.384 [restartedMain] INFO  o.a.c.c.C.[Tomcat].[localhost].[/] - Initializing Spring embedded WebApplicationContext
2026-01-03 10:22:29.385 [restartedMain] INFO  o.s.b.w.s.c.ServletWebServerApplicationContext - Root WebApplicationContext: initialization completed in 1893 ms
2026-01-03 10:22:29.582 [restartedMain] INFO  o.h.jpa.internal.util.LogHelper - HHH000204: Processing PersistenceUnitInfo [name: default]
2026-01-03 10:22:29.614 [restartedMain] INFO  org.hibernate.Version - HHH000412: Hibernate ORM core version 6.6.18.Final
2026-01-03 10:22:29.643 [restartedMain] INFO  o.h.c.i.RegionFactoryInitiator - HHH000026: Second-level cache disabled
2026-01-03 10:22:29.802 [restartedMain] INFO  o.s.o.j.p.SpringPersistenceUnitInfo - No LoadTimeWeaver setup: ignoring JPA class transformer
2026-01-03 10:22:29.821 [restartedMain] INFO  com.zaxxer.hikari.HikariDataSource - HikariPool-1 - Starting...
2026-01-03 10:22:29.929 [restartedMain] INFO  com.zaxxer.hikari.pool.HikariPool - HikariPool-1 - Added connection org.postgresql.jdbc.PgConnection@5b5fa545
2026-01-03 10:22:29.931 [restartedMain] INFO  com.zaxxer.hikari.HikariDataSource - HikariPool-1 - Start completed.
2026-01-03 10:22:29.951 [restartedMain] WARN  org.hibernate.orm.deprecation - HHH90000025: PostgreSQLDialect does not need to be specified explicitly using 'hibernate.dialect' (remove the property setting and it will be selected by default)
2026-01-03 10:22:29.966 [restartedMain] INFO  o.hibernate.orm.connections.pooling - HHH10001005: Database info:
	Database JDBC URL [Connecting through datasource 'HikariDataSource (HikariPool-1)']
	Database driver: undefined/unknown
	Database version: 16.3
	Autocommit mode: undefined/unknown
	Isolation level: undefined/unknown
	Minimum pool size: undefined/unknown
	Maximum pool size: undefined/unknown
2026-01-03 10:22:30.989 [restartedMain] INFO  o.h.e.t.j.p.i.JtaPlatformInitiator - HHH000489: No JTA platform available (set 'hibernate.transaction.jta.platform' to enable JTA platform integration)
2026-01-03 10:22:32.201 [restartedMain] INFO  o.s.o.j.LocalContainerEntityManagerFactoryBean - Initialized JPA EntityManagerFactory for persistence unit 'default'
2026-01-03 10:22:32.838 [restartedMain] WARN  o.s.b.a.o.j.JpaBaseConfiguration$JpaWebConfiguration - spring.jpa.open-in-view is enabled by default. Therefore, database queries may be performed during view rendering. Explicitly configure spring.jpa.open-in-view to disable this warning
2026-01-03 10:22:33.417 [restartedMain] INFO  o.s.w.s.a.s.AnnotationActionEndpointMapping - Supporting [WS-Addressing August 2004, WS-Addressing 1.0]
2026-01-03 10:22:33.453 [restartedMain] INFO  o.s.b.d.a.OptionalLiveReloadServer - LiveReload server is running on port 35729
2026-01-03 10:22:33.463 [restartedMain] INFO  o.s.b.a.e.web.EndpointLinksResolver - Exposing 1 endpoint beneath base path '/actuator'
2026-01-03 10:22:33.599 [restartedMain] INFO  o.a.coyote.http11.Http11NioProtocol - Starting ProtocolHandler ["http-nio-9093"]
2026-01-03 10:22:33.624 [restartedMain] INFO  o.s.b.w.e.tomcat.TomcatWebServer - Tomcat started on port 9093 (http) with context path '/'
2026-01-03 10:22:33.647 [restartedMain] INFO  a.p.o.o.ObraManagementServiceApplication - Started ObraManagementServiceApplication in 6.698 seconds (process running for 7.178)
2026-01-03 10:22:43.362 [SpringApplicationShutdownHook] INFO  o.s.b.w.e.tomcat.GracefulShutdown - Commencing graceful shutdown. Waiting for active requests to complete
2026-01-03 10:22:43.364 [tomcat-shutdown] INFO  o.s.b.w.e.tomcat.GracefulShutdown - Graceful shutdown complete
2026-01-03 10:22:43.372 [SpringApplicationShutdownHook] INFO  o.s.o.j.LocalContainerEntityManagerFactoryBean - Closing JPA EntityManagerFactory for persistence unit 'default'
2026-01-03 10:22:43.375 [SpringApplicationShutdownHook] INFO  com.zaxxer.hikari.HikariDataSource - HikariPool-1 - Shutdown initiated...
2026-01-03 10:22:43.377 [SpringApplicationShutdownHook] INFO  com.zaxxer.hikari.HikariDataSource - HikariPool-1 - Shutdown completed.
